make.exe all --print-data-base --no-builtin-variables --no-builtin-rules --question
# GNU Make 3.81
# Copyright (C) 2006  Free Software Foundation, Inc.
# This is free software; see the source for copying conditions.
# There is NO warranty; not even for MERCHANTABILITY or FITNESS FOR A
# PARTICULAR PURPOSE.

# This program built for i686-pc-msys
 
make.exe: *** No rule to make target `all'.  Stop.


# Make data base, printed on Thu Jun  2 17:34:32 2022

# Variables

# automatic
<D = $(patsubst %/,%,$(dir $<))
 
# automatic
?F = $(notdir $?)
# makefile (from `Makefile', line 3)
OBJ = hello.o
# makefile
MAKEFLAGS = Rrqp
# environment
VSCODE_LOG_NATIVE = false
# automatic
?D = $(patsubst %/,%,$(dir $?))
# environment
PLATFORMIO_IDE = 2.4.3
# automatic
@D = $(patsubst %/,%,$(dir $@))
# environment
HOMEDRIVE = C:
# automatic
@F = $(notdir $@)
# automatic
^D = $(patsubst %/,%,$(dir $^))
# makefile
CURDIR := /c/Users/luber/Documents/algoritmos/aed/AED/00-CppHelloWorld
# default
SHELL := /bin/sh
# makefile (from `Makefile', line 2)
BIN = hello.exe
# environment
WINDIR = C:\WINDOWS
# environment
VSCODE_NLS_CONFIG = {"locale":"en-gb","availableLanguages":{},"_languagePackSupport":true}
# environment
ONEDRIVE = C:\Users\luber\OneDrive
# environment
PATHEXT = .COM;.EXE;.BAT;.CMD;.VBS;.VBE;.JS;.JSE;.WSF;.WSH;.MSC;.PY;.PYM
# makefile (from `Makefile', line 1)
MAKEFILE_LIST :=  Makefile
# environment
FPS_BROWSER_USER_PROFILE_STRING = Default
# environment
TMP = /tmp
# makefile (from `Makefile', line 5)
CXXFLAGS = -std=c++17
# environment
VSCODE_VERBOSE_LOGGING = true
# environment
PROGRAMW6432 = C:\Program Files
# environment
PROGRAMDATA = C:\ProgramData
# environment
VSCODE_IPC_HOOK_EXTHOST = \\.\pipe\vscode-ipc-a42bc812-65e8-4f7d-a5be-3bf98587e1b0-sock
# environment
VSCODE_CWD = C:\Users\luber\AppData\Local\Programs\Microsoft VS Code
# environment
NO_PROXY = 127.0.0.1
# environment
SW_SIM_HYDRA = C:\Program Files\Common Files\SolidWorks Shared\Simulation Worker Agent\
# environment
COMMONPROGRAMW6432 = C:\Program Files\Common Files
# environment
ZES_ENABLE_SYSMAN = 1
# environment
PROCESSOR_ARCHITECTURE = x86
# environment
USERPROFILE = C:\Users\luber
# environment
!C: = c:\Users\luber\Documents\algoritmos\aed\AED\00-CppHelloWorld
# environment
ALLUSERSPROFILE = C:\ProgramData
# environment
GOPATH = C:\Users\luber\go
# environment
VSCODE_LOG_STACK = false
# environment
NUMBER_OF_PROCESSORS = 8
# environment
ELECTRON_RUN_AS_NODE = 1
# default
.FEATURES := target-specific order-only second-expansion else-if archives jobserver check-symlink
# automatic
%F = $(notdir $%)
# environment
CHROME_CRASHPAD_PIPE_NAME = \\.\pipe\crashpad_4504_UNBKXCKUGFCYLUHI
# environment
VSCODE_PIPE_LOGGING = true
# environment
COMPUTERNAME = DESKTOP-QGMHOJF
# environment
PROGRAMFILES = C:\Program Files (x86)
 
# environment
DRIVERDATA = C:\Windows\System32\Drivers\DriverData
# environment
ORIGINAL_XDG_CURRENT_DESKTOP = undefined
# environment
USERNAME = luber
# environment
PUBLIC = C:\Users\Public
# environment
VSCODE_AMD_ENTRYPOINT = vs/workbench/api/node/extensionHostProcess
# environment
VSCODE_CODE_CACHE_PATH = C:\Users\luber\AppData\Roaming\Code\CachedData\c3511e6c69bb39013c4a4b7b9566ec1ca73fc4d5
# environment
APPLICATION_INSIGHTS_NO_DIAGNOSTIC_CHANNEL = 1
# environment
COMMONPROGRAMFILES = C:\Program Files (x86)\Common Files
# environment
LOGONSERVER = \\DESKTOP-QGMHOJF
# environment
VSCODE_HANDLES_UNCAUGHT_ERRORS = true
# environment
USERDOMAIN = DESKTOP-QGMHOJF
# environment
PLATFORMIO_PATH = C:\Users\luber\.platformio\python3;C:\Program Files (x86)\Common Files\Oracle\Java\javapath;C:\Program Files (x86)\NVIDIA Corporation\PhysX\Common;C:\Windows\system32;C:\Windows;C:\Windows\System32\Wbem;C:\Windows\System32\WindowsPowerShell\v1.0\;C:\Windows\System32\OpenSSH\;C:\Program Files (x86)\Intel\Intel(R) Management Engine Components\DAL;C:\Program Files\Intel\Intel(R) Management Engine Components\DAL;C:\Program Files\Intel\WiFi\bin\;C:\Program Files\Common Files\Intel\WirelessCommon\;C:\Users\luber\AppData\Local\Programs\Python\Python38-32\Scripts\;C:\Users\luber\AppData\Local\Programs\Python\Python38-32\;C:\Users\luber\AppData\Local\Microsoft\WindowsApps;c:\python27;C:\Go\bin;C:\Program Files\Microsoft SQL Server\Client SDK\ODBC\110\Tools\Binn\;C:\Program Files (x86)\Microsoft SQL Server\120\Tools\Binn\;C:\Program Files\Microsoft SQL Server\120\Tools\Binn\;C:\Program Files\Microsoft SQL Server\120\DTS\Binn\;C:\Program Files (x86)\Windows Kits\8.1\Windows Performance Toolkit\;C:\Program Files\PuTTY\;C:\Program Files\Git\cmd;C:\WINDOWS\system32;C:\WINDOWS;C:\WINDOWS\System32\Wbem;C:\WINDOWS\System32\WindowsPowerShell\v1.0\;C:\WINDOWS\System32\OpenSSH\;C:\Program Files\GitHub CLI\;C:\MinGW\bin;C:\MinGW\msys\1.0\bin;C:\Program Files\MiKTeX\miktex\bin\x64\;C:\Program Files\nodejs\;C:\Users\luber\AppData\Local\Microsoft\WindowsApps;C:\Users\luber\go\bin;C:\Users\luber\AppData\Local\Programs\Microsoft VS Code\bin;C:\mingw\mingw\mingw32\bin;C:\Users\luber\AppData\Local\atom\bin;C:\Program Files\SDCC\bin;C:\Program Files (x86)\Atmel\Flip 3.4.7\bin;C:\Users\luber\AppData\Local\Microsoft\WindowsApps;C:\Python;C:\Python\Python310\Scripts;C:\Python\Python310;C:\MinGW\bin;C:\MinGW\msys\1.0\bin;C:\Users\luber\AppData\Roaming\npm;C:\Program Files (x86)\Common Files\Oracle\Java\javapath;C:\Program Files (x86)\NVIDIA Corporation\PhysX\Common;C:\Windows\system32;C:\Windows;C:\Windows\System32\Wbem;C:\Windows\System32\WindowsPowerShell\v1.0\;C:\Windows\System32\OpenSSH\;C:\Program Files (x86)\Intel\Intel(R) Management Engine Components\DAL;C:\Program Files\Intel\Intel(R) Management Engine Components\DAL;C:\Program Files\Intel\WiFi\bin\;C:\Program Files\Common Files\Intel\WirelessCommon\;C:\Users\luber\AppData\Local\Programs\Python\Python38-32\Scripts\;C:\Users\luber\AppData\Local\Programs\Python\Python38-32\;C:\Users\luber\AppData\Local\Microsoft\WindowsApps;c:\python27;C:\Go\bin;C:\Program Files\Microsoft SQL Server\Client SDK\ODBC\110\Tools\Binn\;C:\Program Files (x86)\Microsoft SQL Server\120\Tools\Binn\;C:\Program Files\Microsoft SQL Server\120\Tools\Binn\;C:\Program Files\Microsoft SQL Server\120\DTS\Binn\;C:\Program Files (x86)\Windows Kits\8.1\Windows Performance Toolkit\;C:\Program Files\PuTTY\;C:\Program Files\Git\cmd;C:\WINDOWS\system32;C:\WINDOWS;C:\WINDOWS\System32\Wbem;C:\WINDOWS\System32\WindowsPowerShell\v1.0\;C:\WINDOWS\System32\OpenSSH\;C:\Program Files\GitHub CLI\;C:\MinGW\bin;C:\MinGW\msys\1.0\bin;C:\Program Files\MiKTeX\miktex\bin\x64\;C:\Program Files\nodejs\;C:\Users\luber\AppData\Local\M 
icrosoft\WindowsApps;C:\Users\luber\go\bin;C:\Users\luber\AppData\Local\Programs\Microsoft VS Code\bin;C:\mingw\mingw\mingw32\bin;C:\Users\luber\AppData\Local\atom\bin;C:\Program Files\SDCC\bin;C:\Program Files (x86)\Atmel\Flip 3.4.7\bin;C:\Users\luber\AppData\Local\Microsoft\WindowsApps;C:\Python;C:\Python\Python310\Scripts;C:\Python\Python310;C:\MinGW\bin;C:\MinGW\msys\1.0\bin;C:\Users\luber\AppData\Roaming\npm
# default
MAKE = $(MAKE_COMMAND)
# default
MAKECMDGOALS := all
# environment
PATH = /c/Program Files (x86)/Common Files/Oracle/Java/javapath:/c/Program Files (x86)/NVIDIA Corporation/PhysX/Common:/c/Windows/system32:/c/Windows:/c/Windows/System32/Wbem:/c/Windows/System32/WindowsPowerShell/v1.0/:/c/Windows/System32/OpenSSH/:/c/Program Files (x86)/Intel/Intel(R) Management Engine Components/DAL:/c/Program Files/Intel/Intel(R) Management Engine Components/DAL:/c/Program Files/Intel/WiFi/bin/:/c/Program Files/Common Files/Intel/WirelessCommon/:/c/Users/luber/AppData/Local/Programs/Python/Python38-32/Scripts/:/c/Users/luber/AppData/Local/Programs/Python/Python38-32/:/c/Users/luber/AppData/Local/Microsoft/WindowsApps:/c/python27:/c/Go/bin:/c/Program Files/Microsoft SQL Server/Client SDK/ODBC/110/Tools/Binn/:/c/Program Files (x86)/Microsoft SQL Server/120/Tools/Binn/:/c/Program Files/Microsoft SQL Server/120/Tools/Binn/:/c/Program Files/Microsoft SQL Server/120/DTS/Binn/:/c/Program Files (x86)/Windows Kits/8.1/Windows Performance Toolkit/:/c/Program Files/PuTTY/:/c/Program Files/Git/cmd:/c/WINDOWS/system32:/c/WINDOWS:/c/WINDOWS/System32/Wbem:/c/WINDOWS/System32/WindowsPowerShell/v1.0/:/c/WINDOWS/System32/OpenSSH/:/c/Program Files/GitHub CLI/:/mingw/bin:/usr/bin:/c/Program Files/MiKTeX/miktex/bin/x64/:/c/Program Files/nodejs/:/c/Users/luber/AppData/Local/Microsoft/WindowsApps:/c/Users/luber/go/bin:/c/Users/luber/AppData/Local/Programs/Microsoft VS Code/bin:/mingw/mingw/mingw32/bin:/c/Users/luber/AppData/Local/atom/bin:/c/Program Files/SDCC/bin:/c/Program Files (x86)/Atmel/Flip 3.4.7/bin:/c/Users/luber/AppData/Local/Microsoft/WindowsApps:/c/Python:/c/Python/Python310/Scripts:/c/Python/Python310:/mingw/bin:/usr/bin:/c/Users/luber/AppData/Roaming/npm
# makefile (from `Makefile', line 1)
SOURCE = hello.cpp
# default
MAKE_VERSION := 3.81
# makefile
.DEFAULT_GOAL := hello.exe
# environment
PROGRAMFILES(X86) = C:\Program Files (x86)
# automatic
%D = $(patsubst %/,%,$(dir $%))
# environment
LOCALAPPDATA = C:\Users\luber\AppData\Local
# environment
PSMODULEPATH = C:\Program Files\WindowsPowerShell\Modules;C:\WINDOWS\system32\WindowsPowerShell\v1.0\Modules;C:\Program Files (x86)\Microsoft SQL Server\120\Tools\PowerShell\Modules\
# default
MAKE_COMMAND := make.exe
# environment
PROCESSOR_ARCHITEW6432 = AMD64
# default
.VARIABLES := 
# automatic
*F = $(notdir $*)
# environment
PROCESSOR_IDENTIFIER = Intel64 Family 6 Model 142 Stepping 11, GenuineIntel
# environment
OS = Windows_NT
# environment
VSCODE_IPC_HOOK = \\.\pipe\54aa2d22f82ef44268f235922807d0ab-1.67.2-main-sock
# environment
HOMEPATH = \
# environment
COMMONPROGRAMFILES(X86) = C:\Program Files (x86)\Common Files
# environment
PROMPT = $P$G
# environment
MFLAGS = -Rrqp
# automatic
*D = $(patsubst %/,%,$(dir $*))
# environment
SYSTEMROOT = C:\WINDOWS
# automatic
+D = $(patsubst %/,%,$(dir $+))
# automatic
+F = $(notdir $+)
# environment
APPDATA = C:\Users\luber\AppData\Roaming
# environment
TEMP = /tmp
# environment
COMSPEC = C:\WINDOWS\system32\cmd.exe
# default
MAKEFILES := 
# environment
IDF_TOOLS_PATH = C:\Users\luber\.espressif
# automatic
<F = $(notdir $<)
# environment
PLATFORMIO_CALLER = vscode
# makefile (from `Makefile', line 4)
CXX = g++
# environment
LC_ALL = C
# environment
SW_SIM_TEMP = C:\ProgramData\SOLIDWORKS\SW_net_sim_temp\
# automatic
^F = $(notdir $^)
# default
SUFFIXES := 
# environment
SYSTEMDRIVE = C:
# environment
SESSIONNAME = Console
# environment
PROCESSOR_REVISION = 8e0b
# environment
SW_SIM_MPIT = INTELMPI
# default
.INCLUDE_DIRS = /usr/include /usr/include
# environment
MAKELEVEL := 0
# environment
LANG = C
# environment
PROCESSOR_LEVEL = 6
# environment
TERM = cygwin
# environment
FPS_BROWSER_APP_PROFILE_STRING = Internet Explorer
# environment
VSCODE_PID = 4504
# environment
USERDOMAIN_ROAMINGPROFILE = DESKTOP-QGMHOJF
# variable set hash-table stats:
# Load=106/1024=10%, Rehash=0, Collisions=13/135=10%

# Pattern-specific Variable Values

# No pattern-specific variable values.

# Directories

# . (device 7138, inode 2071232): 10 files, no impossibilities.

# 10 files, no impossibilities in 1 directories.

# Implicit Rules

# No implicit rules.

# Files

# Not a target:
all:
#  Command-line target.
#  Implicit rule search has been done.
#  File does not exist.
#  File has not been updated.
# variable set hash-table stats:
# Load=0/32=0%, Rehash=0, Collisions=0/0=0%

# Not a target:
.SUFFIXES:
#  Implicit rule search has not been done.
#  Modification time never checked.
#  File has not been updated.

# Not a target:
Makefile:
#  Implicit rule search has been done.
 
#  Last modified 2022-04-28 18:03:48
#  File has been updated.
#  Successfully updated.
# variable set hash-table stats:
# Load=0/32=0%, Rehash=0, Collisions=0/0=0%

hello.o: hello.cpp
#  Implicit rule search has not been done.
#  Modification time never checked.
#  File has not been updated.
#  commands to execute (from `Makefile', line 11):
	$(CXX) -c $(SOURCE) -o $(OBJ) $(CXXFLAGS)
	

# Not a target:
.DEFAULT:
#  Implicit rule search has not been done.
#  Modification time never checked.
#  File has not been updated.

hello.exe: hello.o
#  Implicit rule search has not been done.
#  Modification time never checked.
#  File has not been updated.
#  commands to execute (from `Makefile', line 8):
	$(CXX) $(OBJ) -o $(BIN) $(CXXFLAGS)
	

# Not a target:
hello.cpp:
#  Implicit rule search has not been done.
#  Modification time never checked.
#  File has not been updated.

# files hash-table stats:
# Load=7/1024=1%, Rehash=0, Collisions=0/20=0%
# VPATH Search Paths

# No `vpath' search paths.

# No general (`VPATH' variable) search path.

# # of strings in strcache: 1
# # of strcache buffers: 1
# strcache size: total = 4096 / max = 4096 / min = 4096 / avg = 4096
# strcache free: total = 4087 / max = 4087 / min = 4087 / avg = 4087

# Finished Make data base on Thu Jun  2 17:34:32 2022

 
